14:06:16.307 [restartedMain] INFO  c.dkt.DktApplication - [logStarting,50] - Starting DktApplication on zlk-win11 with PID 6868 (D:\git下载\master\dkt-admin\target\classes started by 坤 in D:\git下载\master)
14:06:16.309 [restartedMain] DEBUG c.dkt.DktApplication - [logStarting,53] - Running with Spring Boot v2.1.18.RELEASE, Spring v5.1.19.RELEASE
14:06:16.309 [restartedMain] INFO  c.dkt.DktApplication - [logStartupProfileInfo,652] - The following profiles are active: localhost-wc
14:06:22.264 [restartedMain] DEBUG c.d.f.s.f.JwtAuthenticationTokenFilter - [init,242] - Filter 'jwtAuthenticationTokenFilter' configured for use
14:06:22.265 [restartedMain] DEBUG c.d.f.w.f.WxLoginFilter - [init,242] - Filter 'wxLoginFilter' configured for use
14:06:22.266 [restartedMain] DEBUG c.d.f.s.f.WebLoginFilter - [init,242] - Filter 'webLoginFilter' configured for use
14:06:29.075 [restartedMain] DEBUG c.d.s.s.i.SysDictDataServiceImpl - [init,49] - redis初始化字典，all
14:06:40.186 [restartedMain] INFO  c.dkt.DktApplication - [logStarted,59] - Started DktApplication in 24.176 seconds (JVM running for 25.876)
14:07:46.064 [http-nio-8380-exec-30] INFO  c.d.c.c.c.BaseController - [getOrderTotalAmount,148] - 缴费金额：230.03
15:12:51.225 [QuartzScheduler_RuoyiScheduler-NON_CLUSTERED_MisfireHandler] ERROR c.a.d.p.DruidDataSource - [handleFatalError,1855] - discard connection
com.mysql.cj.jdbc.exceptions.CommunicationsException: Communications link failure

The last packet successfully received from the server was 31,089 milliseconds ago. The last packet sent successfully to the server was 31,117 milliseconds ago.
	at com.mysql.cj.jdbc.exceptions.SQLError.createCommunicationsException(SQLError.java:174)
	at com.mysql.cj.jdbc.exceptions.SQLExceptionsMapping.translateException(SQLExceptionsMapping.java:64)
	at com.mysql.cj.jdbc.ConnectionImpl.setAutoCommit(ConnectionImpl.java:2045)
	at com.alibaba.druid.filter.FilterChainImpl.connection_setAutoCommit(FilterChainImpl.java:738)
	at com.alibaba.druid.filter.FilterAdapter.connection_setAutoCommit(FilterAdapter.java:986)
	at com.alibaba.druid.filter.FilterChainImpl.connection_setAutoCommit(FilterChainImpl.java:733)
	at com.alibaba.druid.proxy.jdbc.ConnectionProxyImpl.setAutoCommit(ConnectionProxyImpl.java:429)
	at com.alibaba.druid.pool.DruidPooledConnection.setAutoCommit(DruidPooledConnection.java:714)
	at org.quartz.impl.jdbcjobstore.AttributeRestoringConnectionInvocationHandler.setAutoCommit(AttributeRestoringConnectionInvocationHandler.java:98)
	at org.quartz.impl.jdbcjobstore.AttributeRestoringConnectionInvocationHandler.invoke(AttributeRestoringConnectionInvocationHandler.java:66)
	at com.sun.proxy.$Proxy245.setAutoCommit(Unknown Source)
	at org.quartz.impl.jdbcjobstore.JobStoreCMT.getNonManagedTXConnection(JobStoreCMT.java:191)
	at org.quartz.impl.jdbcjobstore.JobStoreSupport.doRecoverMisfires(JobStoreSupport.java:3246)
	at org.quartz.impl.jdbcjobstore.JobStoreSupport$MisfireHandler.manage(JobStoreSupport.java:4012)
	at org.quartz.impl.jdbcjobstore.JobStoreSupport$MisfireHandler.run(JobStoreSupport.java:4033)
Caused by: com.mysql.cj.exceptions.CJCommunicationsException: Communications link failure

The last packet successfully received from the server was 31,089 milliseconds ago. The last packet sent successfully to the server was 31,117 milliseconds ago.
	at sun.reflect.NativeConstructorAccessorImpl.newInstance0(Native Method)
	at sun.reflect.NativeConstructorAccessorImpl.newInstance(NativeConstructorAccessorImpl.java:62)
	at sun.reflect.DelegatingConstructorAccessorImpl.newInstance(DelegatingConstructorAccessorImpl.java:45)
	at java.lang.reflect.Constructor.newInstance(Constructor.java:423)
	at com.mysql.cj.exceptions.ExceptionFactory.createException(ExceptionFactory.java:61)
	at com.mysql.cj.exceptions.ExceptionFactory.createException(ExceptionFactory.java:105)
	at com.mysql.cj.exceptions.ExceptionFactory.createException(ExceptionFactory.java:151)
	at com.mysql.cj.exceptions.ExceptionFactory.createCommunicationsException(ExceptionFactory.java:167)
	at com.mysql.cj.protocol.a.NativeProtocol.readMessage(NativeProtocol.java:520)
	at com.mysql.cj.protocol.a.NativeProtocol.checkErrorMessage(NativeProtocol.java:700)
	at com.mysql.cj.protocol.a.NativeProtocol.sendCommand(NativeProtocol.java:639)
	at com.mysql.cj.protocol.a.NativeProtocol.sendQueryPacket(NativeProtocol.java:987)
	at com.mysql.cj.protocol.a.NativeProtocol.sendQueryString(NativeProtocol.java:933)
	at com.mysql.cj.NativeSession.execSQL(NativeSession.java:664)
	at com.mysql.cj.jdbc.ConnectionImpl.setAutoCommit(ConnectionImpl.java:2035)
	... 12 common frames omitted
Caused by: java.net.SocketTimeoutException: Read timed out
	at java.net.SocketInputStream.socketRead0(Native Method)
	at java.net.SocketInputStream.socketRead(SocketInputStream.java:116)
	at java.net.SocketInputStream.read(SocketInputStream.java:171)
	at java.net.SocketInputStream.read(SocketInputStream.java:141)
	at sun.security.ssl.InputRecord.readFully(InputRecord.java:465)
	at sun.security.ssl.InputRecord.read(InputRecord.java:503)
	at sun.security.ssl.SSLSocketImpl.readRecord(SSLSocketImpl.java:975)
	at sun.security.ssl.SSLSocketImpl.readDataRecord(SSLSocketImpl.java:933)
	at sun.security.ssl.AppInputStream.read(AppInputStream.java:105)
	at java.io.FilterInputStream.read(FilterInputStream.java:133)
	at com.mysql.cj.protocol.FullReadInputStream.readFully(FullReadInputStream.java:64)
	at com.mysql.cj.protocol.a.SimplePacketReader.readHeaderLocal(SimplePacketReader.java:81)
	at com.mysql.cj.protocol.a.SimplePacketReader.readHeader(SimplePacketReader.java:63)
	at com.mysql.cj.protocol.a.SimplePacketReader.readHeader(SimplePacketReader.java:45)
	at com.mysql.cj.protocol.a.TimeTrackingPacketReader.readHeader(TimeTrackingPacketReader.java:52)
	at com.mysql.cj.protocol.a.TimeTrackingPacketReader.readHeader(TimeTrackingPacketReader.java:41)
	at com.mysql.cj.protocol.a.MultiPacketReader.readHeader(MultiPacketReader.java:54)
	at com.mysql.cj.protocol.a.MultiPacketReader.readHeader(MultiPacketReader.java:44)
	at com.mysql.cj.protocol.a.NativeProtocol.readMessage(NativeProtocol.java:514)
	... 18 common frames omitted
15:12:51.227 [QuartzScheduler_RuoyiScheduler-NON_CLUSTERED_MisfireHandler] ERROR o.s.s.q.LocalDataSourceJobStore - [manage,4017] - MisfireHandler: Error handling misfires: Database error recovering from misfires.
org.quartz.JobPersistenceException: Database error recovering from misfires.
	at org.quartz.impl.jdbcjobstore.JobStoreSupport.doRecoverMisfires(JobStoreSupport.java:3274)
	at org.quartz.impl.jdbcjobstore.JobStoreSupport$MisfireHandler.manage(JobStoreSupport.java:4012)
	at org.quartz.impl.jdbcjobstore.JobStoreSupport$MisfireHandler.run(JobStoreSupport.java:4033)
Caused by: java.sql.SQLException: connection disabled
	at com.alibaba.druid.pool.DruidPooledConnection.checkStateInternal(DruidPooledConnection.java:1170)
	at com.alibaba.druid.pool.DruidPooledConnection.checkState(DruidPooledConnection.java:1155)
	at com.alibaba.druid.pool.DruidPooledConnection.prepareStatement(DruidPooledConnection.java:338)
	at sun.reflect.GeneratedMethodAccessor95.invoke(Unknown Source)
	at sun.reflect.DelegatingMethodAccessorImpl.invoke(DelegatingMethodAccessorImpl.java:43)
	at java.lang.reflect.Method.invoke(Method.java:498)
	at org.quartz.impl.jdbcjobstore.AttributeRestoringConnectionInvocationHandler.invoke(AttributeRestoringConnectionInvocationHandler.java:73)
	at com.sun.proxy.$Proxy245.prepareStatement(Unknown Source)
	at org.quartz.impl.jdbcjobstore.StdJDBCDelegate.countMisfiredTriggersInState(StdJDBCDelegate.java:390)
	at org.quartz.impl.jdbcjobstore.JobStoreSupport.doRecoverMisfires(JobStoreSupport.java:3253)
	... 2 common frames omitted
Caused by: com.mysql.cj.jdbc.exceptions.CommunicationsException: Communications link failure

The last packet successfully received from the server was 31,089 milliseconds ago. The last packet sent successfully to the server was 31,117 milliseconds ago.
	at com.mysql.cj.jdbc.exceptions.SQLError.createCommunicationsException(SQLError.java:174)
	at com.mysql.cj.jdbc.exceptions.SQLExceptionsMapping.translateException(SQLExceptionsMapping.java:64)
	at com.mysql.cj.jdbc.ConnectionImpl.setAutoCommit(ConnectionImpl.java:2045)
	at com.alibaba.druid.filter.FilterChainImpl.connection_setAutoCommit(FilterChainImpl.java:738)
	at com.alibaba.druid.filter.FilterAdapter.connection_setAutoCommit(FilterAdapter.java:986)
	at com.alibaba.druid.filter.FilterChainImpl.connection_setAutoCommit(FilterChainImpl.java:733)
	at com.alibaba.druid.proxy.jdbc.ConnectionProxyImpl.setAutoCommit(ConnectionProxyImpl.java:429)
	at com.alibaba.druid.pool.DruidPooledConnection.setAutoCommit(DruidPooledConnection.java:714)
	at org.quartz.impl.jdbcjobstore.AttributeRestoringConnectionInvocationHandler.setAutoCommit(AttributeRestoringConnectionInvocationHandler.java:98)
	at org.quartz.impl.jdbcjobstore.AttributeRestoringConnectionInvocationHandler.invoke(AttributeRestoringConnectionInvocationHandler.java:66)
	at com.sun.proxy.$Proxy245.setAutoCommit(Unknown Source)
	at org.quartz.impl.jdbcjobstore.JobStoreCMT.getNonManagedTXConnection(JobStoreCMT.java:191)
	at org.quartz.impl.jdbcjobstore.JobStoreSupport.doRecoverMisfires(JobStoreSupport.java:3246)
	... 2 common frames omitted
Caused by: com.mysql.cj.exceptions.CJCommunicationsException: Communications link failure

The last packet successfully received from the server was 31,089 milliseconds ago. The last packet sent successfully to the server was 31,117 milliseconds ago.
	at sun.reflect.NativeConstructorAccessorImpl.newInstance0(Native Method)
	at sun.reflect.NativeConstructorAccessorImpl.newInstance(NativeConstructorAccessorImpl.java:62)
	at sun.reflect.DelegatingConstructorAccessorImpl.newInstance(DelegatingConstructorAccessorImpl.java:45)
	at java.lang.reflect.Constructor.newInstance(Constructor.java:423)
	at com.mysql.cj.exceptions.ExceptionFactory.createException(ExceptionFactory.java:61)
	at com.mysql.cj.exceptions.ExceptionFactory.createException(ExceptionFactory.java:105)
	at com.mysql.cj.exceptions.ExceptionFactory.createException(ExceptionFactory.java:151)
	at com.mysql.cj.exceptions.ExceptionFactory.createCommunicationsException(ExceptionFactory.java:167)
	at com.mysql.cj.protocol.a.NativeProtocol.readMessage(NativeProtocol.java:520)
	at com.mysql.cj.protocol.a.NativeProtocol.checkErrorMessage(NativeProtocol.java:700)
	at com.mysql.cj.protocol.a.NativeProtocol.sendCommand(NativeProtocol.java:639)
	at com.mysql.cj.protocol.a.NativeProtocol.sendQueryPacket(NativeProtocol.java:987)
	at com.mysql.cj.protocol.a.NativeProtocol.sendQueryString(NativeProtocol.java:933)
	at com.mysql.cj.NativeSession.execSQL(NativeSession.java:664)
	at com.mysql.cj.jdbc.ConnectionImpl.setAutoCommit(ConnectionImpl.java:2035)
	... 12 common frames omitted
Caused by: java.net.SocketTimeoutException: Read timed out
	at java.net.SocketInputStream.socketRead0(Native Method)
	at java.net.SocketInputStream.socketRead(SocketInputStream.java:116)
	at java.net.SocketInputStream.read(SocketInputStream.java:171)
	at java.net.SocketInputStream.read(SocketInputStream.java:141)
	at sun.security.ssl.InputRecord.readFully(InputRecord.java:465)
	at sun.security.ssl.InputRecord.read(InputRecord.java:503)
	at sun.security.ssl.SSLSocketImpl.readRecord(SSLSocketImpl.java:975)
	at sun.security.ssl.SSLSocketImpl.readDataRecord(SSLSocketImpl.java:933)
	at sun.security.ssl.AppInputStream.read(AppInputStream.java:105)
	at java.io.FilterInputStream.read(FilterInputStream.java:133)
	at com.mysql.cj.protocol.FullReadInputStream.readFully(FullReadInputStream.java:64)
	at com.mysql.cj.protocol.a.SimplePacketReader.readHeaderLocal(SimplePacketReader.java:81)
	at com.mysql.cj.protocol.a.SimplePacketReader.readHeader(SimplePacketReader.java:63)
	at com.mysql.cj.protocol.a.SimplePacketReader.readHeader(SimplePacketReader.java:45)
	at com.mysql.cj.protocol.a.TimeTrackingPacketReader.readHeader(TimeTrackingPacketReader.java:52)
	at com.mysql.cj.protocol.a.TimeTrackingPacketReader.readHeader(TimeTrackingPacketReader.java:41)
	at com.mysql.cj.protocol.a.MultiPacketReader.readHeader(MultiPacketReader.java:54)
	at com.mysql.cj.protocol.a.MultiPacketReader.readHeader(MultiPacketReader.java:44)
	at com.mysql.cj.protocol.a.NativeProtocol.readMessage(NativeProtocol.java:514)
	... 18 common frames omitted
15:31:47.734 [RuoyiScheduler_QuartzSchedulerThread] ERROR c.a.d.f.s.StatFilter - [internalAfterStatementExecute,487] - slow sql 1062 millis. SELECT TRIGGER_NAME, TRIGGER_GROUP, NEXT_FIRE_TIME, PRIORITY FROM QRTZ_TRIGGERS WHERE SCHED_NAME = 'RuoyiScheduler' AND TRIGGER_STATE = ? AND NEXT_FIRE_TIME <= ? AND (MISFIRE_INSTR = -1 OR (MISFIRE_INSTR != -1 AND NEXT_FIRE_TIME >= ?)) ORDER BY NEXT_FIRE_TIME ASC, PRIORITY DESC["WAITING",1658215936212,1658215894651]
16:13:39.082 [RuoyiScheduler_QuartzSchedulerThread] ERROR c.a.d.p.DruidDataSource - [handleFatalError,1855] - discard connection
com.mysql.cj.jdbc.exceptions.CommunicationsException: Communications link failure

The last packet successfully received from the server was 30,263 milliseconds ago. The last packet sent successfully to the server was 30,296 milliseconds ago.
	at com.mysql.cj.jdbc.exceptions.SQLError.createCommunicationsException(SQLError.java:174)
	at com.mysql.cj.jdbc.exceptions.SQLExceptionsMapping.translateException(SQLExceptionsMapping.java:64)
	at com.mysql.cj.jdbc.ConnectionImpl.setAutoCommit(ConnectionImpl.java:2045)
	at com.alibaba.druid.filter.FilterChainImpl.connection_setAutoCommit(FilterChainImpl.java:738)
	at com.alibaba.druid.filter.FilterAdapter.connection_setAutoCommit(FilterAdapter.java:986)
	at com.alibaba.druid.filter.FilterChainImpl.connection_setAutoCommit(FilterChainImpl.java:733)
	at com.alibaba.druid.proxy.jdbc.ConnectionProxyImpl.setAutoCommit(ConnectionProxyImpl.java:429)
	at com.alibaba.druid.pool.DruidPooledConnection.setAutoCommit(DruidPooledConnection.java:714)
	at org.quartz.impl.jdbcjobstore.AttributeRestoringConnectionInvocationHandler.setAutoCommit(AttributeRestoringConnectionInvocationHandler.java:98)
	at org.quartz.impl.jdbcjobstore.AttributeRestoringConnectionInvocationHandler.invoke(AttributeRestoringConnectionInvocationHandler.java:66)
	at com.sun.proxy.$Proxy245.setAutoCommit(Unknown Source)
	at org.quartz.impl.jdbcjobstore.JobStoreCMT.getNonManagedTXConnection(JobStoreCMT.java:191)
	at org.quartz.impl.jdbcjobstore.JobStoreSupport.executeInNonManagedTXLock(JobStoreSupport.java:3861)
	at org.quartz.impl.jdbcjobstore.JobStoreSupport.acquireNextTriggers(JobStoreSupport.java:2802)
	at org.quartz.core.QuartzSchedulerThread.run(QuartzSchedulerThread.java:287)
Caused by: com.mysql.cj.exceptions.CJCommunicationsException: Communications link failure

The last packet successfully received from the server was 30,263 milliseconds ago. The last packet sent successfully to the server was 30,296 milliseconds ago.
	at sun.reflect.NativeConstructorAccessorImpl.newInstance0(Native Method)
	at sun.reflect.NativeConstructorAccessorImpl.newInstance(NativeConstructorAccessorImpl.java:62)
	at sun.reflect.DelegatingConstructorAccessorImpl.newInstance(DelegatingConstructorAccessorImpl.java:45)
	at java.lang.reflect.Constructor.newInstance(Constructor.java:423)
	at com.mysql.cj.exceptions.ExceptionFactory.createException(ExceptionFactory.java:61)
	at com.mysql.cj.exceptions.ExceptionFactory.createException(ExceptionFactory.java:105)
	at com.mysql.cj.exceptions.ExceptionFactory.createException(ExceptionFactory.java:151)
	at com.mysql.cj.exceptions.ExceptionFactory.createCommunicationsException(ExceptionFactory.java:167)
	at com.mysql.cj.protocol.a.NativeProtocol.readMessage(NativeProtocol.java:520)
	at com.mysql.cj.protocol.a.NativeProtocol.checkErrorMessage(NativeProtocol.java:700)
	at com.mysql.cj.protocol.a.NativeProtocol.sendCommand(NativeProtocol.java:639)
	at com.mysql.cj.protocol.a.NativeProtocol.sendQueryPacket(NativeProtocol.java:987)
	at com.mysql.cj.protocol.a.NativeProtocol.sendQueryString(NativeProtocol.java:933)
	at com.mysql.cj.NativeSession.execSQL(NativeSession.java:664)
	at com.mysql.cj.jdbc.ConnectionImpl.setAutoCommit(ConnectionImpl.java:2035)
	... 12 common frames omitted
Caused by: java.net.SocketTimeoutException: Read timed out
	at java.net.SocketInputStream.socketRead0(Native Method)
	at java.net.SocketInputStream.socketRead(SocketInputStream.java:116)
	at java.net.SocketInputStream.read(SocketInputStream.java:171)
	at java.net.SocketInputStream.read(SocketInputStream.java:141)
	at sun.security.ssl.InputRecord.readFully(InputRecord.java:465)
	at sun.security.ssl.InputRecord.read(InputRecord.java:503)
	at sun.security.ssl.SSLSocketImpl.readRecord(SSLSocketImpl.java:975)
	at sun.security.ssl.SSLSocketImpl.readDataRecord(SSLSocketImpl.java:933)
	at sun.security.ssl.AppInputStream.read(AppInputStream.java:105)
	at java.io.FilterInputStream.read(FilterInputStream.java:133)
	at com.mysql.cj.protocol.FullReadInputStream.readFully(FullReadInputStream.java:64)
	at com.mysql.cj.protocol.a.SimplePacketReader.readHeaderLocal(SimplePacketReader.java:81)
	at com.mysql.cj.protocol.a.SimplePacketReader.readHeader(SimplePacketReader.java:63)
	at com.mysql.cj.protocol.a.SimplePacketReader.readHeader(SimplePacketReader.java:45)
	at com.mysql.cj.protocol.a.TimeTrackingPacketReader.readHeader(TimeTrackingPacketReader.java:52)
	at com.mysql.cj.protocol.a.TimeTrackingPacketReader.readHeader(TimeTrackingPacketReader.java:41)
	at com.mysql.cj.protocol.a.MultiPacketReader.readHeader(MultiPacketReader.java:54)
	at com.mysql.cj.protocol.a.MultiPacketReader.readHeader(MultiPacketReader.java:44)
	at com.mysql.cj.protocol.a.NativeProtocol.readMessage(NativeProtocol.java:514)
	... 18 common frames omitted
16:13:39.102 [RuoyiScheduler_QuartzSchedulerThread] ERROR o.q.core.ErrorLogger - [schedulerError,2407] - An error occurred while scanning for the next triggers to fire.
org.quartz.JobPersistenceException: Couldn't acquire next trigger: connection disabled
	at org.quartz.impl.jdbcjobstore.JobStoreSupport.acquireNextTrigger(JobStoreSupport.java:2923)
	at org.quartz.impl.jdbcjobstore.JobStoreSupport$41.execute(JobStoreSupport.java:2805)
	at org.quartz.impl.jdbcjobstore.JobStoreSupport$41.execute(JobStoreSupport.java:2803)
	at org.quartz.impl.jdbcjobstore.JobStoreSupport.executeInNonManagedTXLock(JobStoreSupport.java:3864)
	at org.quartz.impl.jdbcjobstore.JobStoreSupport.acquireNextTriggers(JobStoreSupport.java:2802)
	at org.quartz.core.QuartzSchedulerThread.run(QuartzSchedulerThread.java:287)
Caused by: java.sql.SQLException: connection disabled
	at com.alibaba.druid.pool.DruidPooledConnection.checkStateInternal(DruidPooledConnection.java:1170)
	at com.alibaba.druid.pool.DruidPooledConnection.checkState(DruidPooledConnection.java:1155)
	at com.alibaba.druid.pool.DruidPooledConnection.prepareStatement(DruidPooledConnection.java:338)
	at sun.reflect.GeneratedMethodAccessor95.invoke(Unknown Source)
	at sun.reflect.DelegatingMethodAccessorImpl.invoke(DelegatingMethodAccessorImpl.java:43)
	at java.lang.reflect.Method.invoke(Method.java:498)
	at org.quartz.impl.jdbcjobstore.AttributeRestoringConnectionInvocationHandler.invoke(AttributeRestoringConnectionInvocationHandler.java:73)
	at com.sun.proxy.$Proxy245.prepareStatement(Unknown Source)
	at org.quartz.impl.jdbcjobstore.StdJDBCDelegate.selectTriggerToAcquire(StdJDBCDelegate.java:2599)
	at org.quartz.impl.jdbcjobstore.JobStoreSupport.acquireNextTrigger(JobStoreSupport.java:2844)
	... 5 common frames omitted
Caused by: com.mysql.cj.jdbc.exceptions.CommunicationsException: Communications link failure

The last packet successfully received from the server was 30,263 milliseconds ago. The last packet sent successfully to the server was 30,296 milliseconds ago.
	at com.mysql.cj.jdbc.exceptions.SQLError.createCommunicationsException(SQLError.java:174)
	at com.mysql.cj.jdbc.exceptions.SQLExceptionsMapping.translateException(SQLExceptionsMapping.java:64)
	at com.mysql.cj.jdbc.ConnectionImpl.setAutoCommit(ConnectionImpl.java:2045)
	at com.alibaba.druid.filter.FilterChainImpl.connection_setAutoCommit(FilterChainImpl.java:738)
	at com.alibaba.druid.filter.FilterAdapter.connection_setAutoCommit(FilterAdapter.java:986)
	at com.alibaba.druid.filter.FilterChainImpl.connection_setAutoCommit(FilterChainImpl.java:733)
	at com.alibaba.druid.proxy.jdbc.ConnectionProxyImpl.setAutoCommit(ConnectionProxyImpl.java:429)
	at com.alibaba.druid.pool.DruidPooledConnection.setAutoCommit(DruidPooledConnection.java:714)
	at org.quartz.impl.jdbcjobstore.AttributeRestoringConnectionInvocationHandler.setAutoCommit(AttributeRestoringConnectionInvocationHandler.java:98)
	at org.quartz.impl.jdbcjobstore.AttributeRestoringConnectionInvocationHandler.invoke(AttributeRestoringConnectionInvocationHandler.java:66)
	at com.sun.proxy.$Proxy245.setAutoCommit(Unknown Source)
	at org.quartz.impl.jdbcjobstore.JobStoreCMT.getNonManagedTXConnection(JobStoreCMT.java:191)
	at org.quartz.impl.jdbcjobstore.JobStoreSupport.executeInNonManagedTXLock(JobStoreSupport.java:3861)
	... 2 common frames omitted
Caused by: com.mysql.cj.exceptions.CJCommunicationsException: Communications link failure

The last packet successfully received from the server was 30,263 milliseconds ago. The last packet sent successfully to the server was 30,296 milliseconds ago.
	at sun.reflect.NativeConstructorAccessorImpl.newInstance0(Native Method)
	at sun.reflect.NativeConstructorAccessorImpl.newInstance(NativeConstructorAccessorImpl.java:62)
	at sun.reflect.DelegatingConstructorAccessorImpl.newInstance(DelegatingConstructorAccessorImpl.java:45)
	at java.lang.reflect.Constructor.newInstance(Constructor.java:423)
	at com.mysql.cj.exceptions.ExceptionFactory.createException(ExceptionFactory.java:61)
	at com.mysql.cj.exceptions.ExceptionFactory.createException(ExceptionFactory.java:105)
	at com.mysql.cj.exceptions.ExceptionFactory.createException(ExceptionFactory.java:151)
	at com.mysql.cj.exceptions.ExceptionFactory.createCommunicationsException(ExceptionFactory.java:167)
	at com.mysql.cj.protocol.a.NativeProtocol.readMessage(NativeProtocol.java:520)
	at com.mysql.cj.protocol.a.NativeProtocol.checkErrorMessage(NativeProtocol.java:700)
	at com.mysql.cj.protocol.a.NativeProtocol.sendCommand(NativeProtocol.java:639)
	at com.mysql.cj.protocol.a.NativeProtocol.sendQueryPacket(NativeProtocol.java:987)
	at com.mysql.cj.protocol.a.NativeProtocol.sendQueryString(NativeProtocol.java:933)
	at com.mysql.cj.NativeSession.execSQL(NativeSession.java:664)
	at com.mysql.cj.jdbc.ConnectionImpl.setAutoCommit(ConnectionImpl.java:2035)
	... 12 common frames omitted
Caused by: java.net.SocketTimeoutException: Read timed out
	at java.net.SocketInputStream.socketRead0(Native Method)
	at java.net.SocketInputStream.socketRead(SocketInputStream.java:116)
	at java.net.SocketInputStream.read(SocketInputStream.java:171)
	at java.net.SocketInputStream.read(SocketInputStream.java:141)
	at sun.security.ssl.InputRecord.readFully(InputRecord.java:465)
	at sun.security.ssl.InputRecord.read(InputRecord.java:503)
	at sun.security.ssl.SSLSocketImpl.readRecord(SSLSocketImpl.java:975)
	at sun.security.ssl.SSLSocketImpl.readDataRecord(SSLSocketImpl.java:933)
	at sun.security.ssl.AppInputStream.read(AppInputStream.java:105)
	at java.io.FilterInputStream.read(FilterInputStream.java:133)
	at com.mysql.cj.protocol.FullReadInputStream.readFully(FullReadInputStream.java:64)
	at com.mysql.cj.protocol.a.SimplePacketReader.readHeaderLocal(SimplePacketReader.java:81)
	at com.mysql.cj.protocol.a.SimplePacketReader.readHeader(SimplePacketReader.java:63)
	at com.mysql.cj.protocol.a.SimplePacketReader.readHeader(SimplePacketReader.java:45)
	at com.mysql.cj.protocol.a.TimeTrackingPacketReader.readHeader(TimeTrackingPacketReader.java:52)
	at com.mysql.cj.protocol.a.TimeTrackingPacketReader.readHeader(TimeTrackingPacketReader.java:41)
	at com.mysql.cj.protocol.a.MultiPacketReader.readHeader(MultiPacketReader.java:54)
	at com.mysql.cj.protocol.a.MultiPacketReader.readHeader(MultiPacketReader.java:44)
	at com.mysql.cj.protocol.a.NativeProtocol.readMessage(NativeProtocol.java:514)
	... 18 common frames omitted
